
Showing logs for build [32mrajattyagipvr-istio-master-2f287-2[0m stage [32msetup[0m and container [32mstep-credential-initializer-r6bhj[0m
{"level":"warn","ts":1597689391.5160558,"logger":"fallback-logger","caller":"logging/config.go:69","msg":"Fetch GitHub commit ID from kodata failed: \"ref: refs/heads/0.8.0-**-support-backwards-incompats\" is not a valid GitHub commit ID"}
{"level":"info","ts":1597689391.5164852,"logger":"fallback-logger","caller":"creds-init/main.go:40","msg":"Credentials initialized."}

Showing logs for build [32mrajattyagipvr-istio-master-2f287-2[0m stage [32msetup[0m and container [32mstep-working-dir-initializer-sfzqp[0m
{"level":"warn","ts":1597689392.7777607,"logger":"fallback-logger","caller":"logging/config.go:69","msg":"Fetch GitHub commit ID from kodata failed: open /var/run/ko/HEAD: no such file or directory"}
{"level":"info","ts":1597689392.779164,"logger":"fallback-logger","caller":"bash/main.go:64","msg":"Successfully executed command \"sh -c mkdir -p /workspace/source\"; output "}

Showing logs for build [32mrajattyagipvr-istio-master-2f287-2[0m stage [32msetup[0m and container [32mstep-place-tools[0m

Showing logs for build [32mrajattyagipvr-istio-master-2f287-2[0m stage [32msetup[0m and container [32mstep-create-dir-workspace-6g8rn[0m
{"level":"warn","ts":1597689397.8517144,"logger":"fallback-logger","caller":"logging/config.go:69","msg":"Fetch GitHub commit ID from kodata failed: open /var/run/ko/HEAD: no such file or directory"}
{"level":"info","ts":1597689397.8526347,"logger":"fallback-logger","caller":"bash/main.go:64","msg":"Successfully executed command \"sh -c mkdir -p source\"; output "}

Showing logs for build [32mrajattyagipvr-istio-master-2f287-2[0m stage [32msetup[0m and container [32mstep-git-source-rajattyagipvr-istio-master-2f287-bnkvp[0m
{"level":"warn","ts":1597689398.0799742,"logger":"fallback-logger","caller":"logging/config.go:69","msg":"Fetch GitHub commit ID from kodata failed: \"ref: refs/heads/0.8.0-**-support-backwards-incompats\" is not a valid GitHub commit ID"}
{"level":"info","ts":1597689400.133097,"logger":"fallback-logger","caller":"git/git.go:103","msg":"Successfully cloned https://github.com/*************/istio.git @ v0.0.26 in path /workspace/source"}

Showing logs for build [32mrajattyagipvr-istio-master-2f287-2[0m stage [32msetup[0m and container [32mstep-git-merge[0m
Using SHAs from PULL_REFS=master:
WARNING: no SHAs to merge, falling back to initial cloned commit

Showing logs for build [32mrajattyagipvr-istio-master-2f287-2[0m stage [32msetup[0m and container [32mstep-next-version[0m
created new version: 0.0.27 and written to file: ./VERSION
Tag v0.0.27 created and pushed to remote origin

Showing logs for build [32mrajattyagipvr-istio-master-2f287-2[0m stage [32msetup[0m and container [32mstep-tag-version[0m
error: Have you set up a git credential helper? See https://help.github.com/articles/caching-your-github-password-in-git/
: git output: To https://github.com/*************/istio.git
 ! [rejected]        v0.0.27 -> v0.0.27 (already exists)
error: failed to push some refs to 'https://github.com/*************/istio.git'
hint: Updates were rejected because the tag already exists in the remote.: failed to run 'git push origin v0.0.27' command in directory '', output: 'To https://github.com/*************/istio.git
 ! [rejected]        v0.0.27 -> v0.0.27 (already exists)
error: failed to push some refs to 'https://github.com/*************/istio.git'
hint: Updates were rejected because the tag already exists in the remote.'
[31m
Pipeline failed on stage 'setup' : container 'step-tag-version'. The execution of the pipeline has stopped.[0m
